<?xml version="1.0" encoding="UTF-8"?>
<!-- Generated by org.testng.reporters.JUnitReportReporter -->
<testsuite skipped="0" hostname="DESKTOP-VLK9PMB" name="test.TestFour" tests="1" failures="0" timestamp="2022-09-12T04:47:26 CDT" time="4.031" errors="0">
  <testcase name="test5" time="4.031" classname="test.TestFour"/>
  <system-out/>
</testsuite> <!-- test.TestFour -->
