<?xml version="1.0" encoding="UTF-8"?>
<!-- Generated by org.testng.reporters.JUnitReportReporter -->
<testsuite skipped="0" hostname="DESKTOP-VLK9PMB" name="test.Exam" tests="1" failures="0" timestamp="2022-09-08T07:58:33 CDT" time="3.038" errors="0">
  <testcase name="test1" time="3.038" classname="test.Exam"/>
  <system-out/>
</testsuite> <!-- test.Exam -->
