<?xml version="1.0" encoding="UTF-8"?>
<!-- Generated by org.testng.reporters.JUnitReportReporter -->
<testsuite skipped="0" hostname="DESKTOP-VLK9PMB" name="test.TestThree" tests="1" failures="0" timestamp="2022-09-08T08:47:46 CDT" time="4.684" errors="0">
  <testcase name="test1" time="4.684" classname="test.TestThree"/>
  <system-out/>
</testsuite> <!-- test.TestThree -->
