<?xml version="1.0" encoding="UTF-8"?>
<!-- Generated by org.testng.reporters.JUnitReportReporter -->
<testsuite skipped="0" hostname="DESKTOP-VLK9PMB" name="test.TestOne" tests="1" failures="0" timestamp="2022-09-08T17:02:23 CDT" time="3.589" errors="0">
  <testcase name="test1" time="3.589" classname="test.TestOne"/>
  <system-out/>
</testsuite> <!-- test.TestOne -->
