<?xml version="1.0" encoding="UTF-8"?>
<!-- Generated by org.testng.reporters.JUnitReportReporter -->
<testsuite skipped="0" hostname="DESKTOP-VLK9PMB" name="test.TestTwo" tests="1" failures="0" timestamp="2022-09-08T08:12:20 CDT" time="4.670" errors="0">
  <testcase name="test1" time="4.670" classname="test.TestTwo"/>
  <system-out/>
</testsuite> <!-- test.TestTwo -->
