<?xml version="1.0" encoding="UTF-8"?>
<!-- Generated by org.testng.reporters.JUnitReportReporter -->
<testsuite skipped="0" hostname="DESKTOP-VLK9PMB" name="test.TestSix" tests="1" failures="0" timestamp="2022-09-09T18:47:21 CDT" time="6.792" errors="0">
  <testcase name="test6" time="6.792" classname="test.TestSix"/>
  <system-out/>
</testsuite> <!-- test.TestSix -->
